<?xml version="1.0" encoding="UTF-8"?>
<testsuite xmlns:xsi="http://www.w3.org/2001/XMLSchema-instance" xsi:noNamespaceSchemaLocation="https://maven.apache.org/surefire/maven-surefire-plugin/xsd/surefire-test-report-3.0.xsd" version="3.0" name="com.vehicleguard.risk.repository.QuoteRepositoryTest" time="4.232" tests="3" errors="0" skipped="0" failures="0">
  <properties>
[...]
</properties>
  <testcase name="findById_existingQuote_returnsQuote" classname="com.vehicleguard.risk.repository.QuoteRepositoryTest" time="0.319">
    <system-out><![CDATA[03:00:35.661 [main] INFO org.springframework.test.context.support.AnnotationConfigContextLoaderUtils -- Could not detect default configuration classes for test class [com.vehicleguard.risk.repository.QuoteRepositoryTest]: QuoteRepositoryTest does not declare any static, non-private, non-final, nested classes annotated with @Configuration.
03:00:35.698 [main] INFO org.springframework.boot.test.context.SpringBootTestContextBootstrapper -- Found @SpringBootConfiguration com.vehicleguard.risk.RiskEngineApplication for test class com.vehicleguard.risk.repository.QuoteRepositoryTest
03:00:35.741 [main] INFO org.testcontainers.images.PullPolicy -- Image pull policy will be performed by: DefaultPullPolicy()
03:00:35.742 [main] INFO org.testcontainers.utility.ImageNameSubstitutor -- Image name substitution will be performed by: DefaultImageNameSubstitutor (composite of 'ConfigurationFileImageNameSubstitutor' and 'PrefixingImageNameSubstitutor')
03:00:35.754 [main] INFO org.testcontainers.DockerClientFactory -- Testcontainers version: 1.20.4
03:00:35.838 [main] INFO org.testcontainers.dockerclient.DockerClientProviderStrategy -- Loaded org.testcontainers.dockerclient.UnixSocketClientProviderStrategy from ~/.testcontainers.properties, will try it first
03:00:35.933 [main] INFO org.testcontainers.dockerclient.DockerClientProviderStrategy -- Found Docker environment with local Unix socket (unix:///var/run/docker.sock)
03:00:35.934 [main] INFO org.testcontainers.DockerClientFactory -- Docker host IP address is localhost
03:00:35.945 [main] INFO org.testcontainers.DockerClientFactory -- Connected to docker: 
  Server Version: 29.4.1
  API Version: 1.54
  Operating System: Docker Desktop
  Total Memory: 7935 MB
  Labels: 
    com.docker.desktop.address=unix:///Users/kulfi/Library/Containers/com.docker.docker/Data/docker-cli.sock
03:00:36.029 [main] INFO tc.testcontainers/ryuk:0.11.0 -- Creating container for image: testcontainers/ryuk:0.11.0
03:00:36.159 [main] INFO tc.testcontainers/ryuk:0.11.0 -- Container testcontainers/ryuk:0.11.0 is starting: 30b953ec617af4ad0493bcaedd8c272e09758b6bb3fe8a14af168a276d7dca2b
03:00:36.277 [main] INFO tc.testcontainers/ryuk:0.11.0 -- Container testcontainers/ryuk:0.11.0 started in PT0.247128S
03:00:36.279 [main] INFO org.testcontainers.utility.RyukResourceReaper -- Ryuk started - will monitor and terminate Testcontainers containers on JVM exit
03:00:36.279 [main] INFO org.testcontainers.DockerClientFactory -- Checking the system...
03:00:36.280 [main] INFO org.testcontainers.DockerClientFactory -- ✔︎ Docker server version should be at least 1.6.0
03:00:36.280 [main] INFO tc.postgres:16 -- Creating container for image: postgres:16
03:00:36.311 [main] INFO tc.postgres:16 -- Container postgres:16 is starting: 3f97ba1b29a4c89c6b2fc182cdc90e59e52e898cb1ba7cce6b2b6017d6f9e597
03:00:37.050 [main] INFO tc.postgres:16 -- Container postgres:16 started in PT0.769651S
03:00:37.051 [main] INFO tc.postgres:16 -- Container is started (JDBC URL: jdbc:postgresql://localhost:65336/vehicleguard_test?loggerLevel=OFF)

  .   ____          _            __ _ _
 /\\ / ___'_ __ _ _(_)_ __  __ _ \ \ \ \
( ( )\___ | '_ | '_| | '_ \/ _` | \ \ \ \
 \\/  ___)| |_)| | | | | || (_| |  ) ) ) )
  '  |____| .__|_| |_|_| |_\__, | / / / /
 =========|_|==============|___/=/_/_/_/
 :: Spring Boot ::                (v3.2.5)

2026-05-04T03:00:37.180-07:00  INFO 82792 --- [risk-engine] [           main] c.v.risk.repository.QuoteRepositoryTest  : Starting QuoteRepositoryTest using Java 21.0.11 with PID 82792 (started by kulfi in /Users/kulfi/Desktop/Insurance-project/vehicleguard-ai/risk-engine)
2026-05-04T03:00:37.180-07:00  INFO 82792 --- [risk-engine] [           main] c.v.risk.repository.QuoteRepositoryTest  : No active profile set, falling back to 1 default profile: "default"
2026-05-04T03:00:37.487-07:00  INFO 82792 --- [risk-engine] [           main] .s.d.r.c.RepositoryConfigurationDelegate : Bootstrapping Spring Data JPA repositories in DEFAULT mode.
2026-05-04T03:00:37.546-07:00  INFO 82792 --- [risk-engine] [           main] .s.d.r.c.RepositoryConfigurationDelegate : Finished Spring Data repository scanning in 56 ms. Found 2 JPA repository interfaces.
2026-05-04T03:00:37.811-07:00  INFO 82792 --- [risk-engine] [           main] o.s.b.w.embedded.tomcat.TomcatWebServer  : Tomcat initialized with port 0 (http)
2026-05-04T03:00:37.817-07:00  INFO 82792 --- [risk-engine] [           main] o.apache.catalina.core.StandardService   : Starting service [Tomcat]
2026-05-04T03:00:37.817-07:00  INFO 82792 --- [risk-engine] [           main] o.apache.catalina.core.StandardEngine    : Starting Servlet engine: [Apache Tomcat/10.1.20]
2026-05-04T03:00:37.839-07:00  INFO 82792 --- [risk-engine] [           main] o.a.c.c.C.[Tomcat].[localhost].[/]       : Initializing Spring embedded WebApplicationContext
2026-05-04T03:00:37.839-07:00  INFO 82792 --- [risk-engine] [           main] w.s.c.ServletWebServerApplicationContext : Root WebApplicationContext: initialization completed in 654 ms
2026-05-04T03:00:37.940-07:00  INFO 82792 --- [risk-engine] [           main] com.zaxxer.hikari.HikariDataSource       : HikariPool-1 - Starting...
2026-05-04T03:00:38.012-07:00  INFO 82792 --- [risk-engine] [           main] com.zaxxer.hikari.pool.HikariPool        : HikariPool-1 - Added connection org.postgresql.jdbc.PgConnection@670ae31f
2026-05-04T03:00:38.013-07:00  INFO 82792 --- [risk-engine] [           main] com.zaxxer.hikari.HikariDataSource       : HikariPool-1 - Start completed.
2026-05-04T03:00:38.042-07:00  INFO 82792 --- [risk-engine] [           main] o.f.c.internal.license.VersionPrinter    : Flyway Community Edition 9.22.3 by Redgate
2026-05-04T03:00:38.042-07:00  INFO 82792 --- [risk-engine] [           main] o.f.c.internal.license.VersionPrinter    : See release notes here: https://rd.gt/416ObMi
2026-05-04T03:00:38.042-07:00  INFO 82792 --- [risk-engine] [           main] o.f.c.internal.license.VersionPrinter    : 
2026-05-04T03:00:38.048-07:00  INFO 82792 --- [risk-engine] [           main] org.flywaydb.core.FlywayExecutor         : Database: jdbc:postgresql://localhost:65336/vehicleguard_test (PostgreSQL 16.13)
2026-05-04T03:00:38.052-07:00  WARN 82792 --- [risk-engine] [           main] o.f.c.internal.database.base.Database    : Flyway upgrade recommended: PostgreSQL 16.13 is newer than this version of Flyway and support has not been tested. The latest supported version of PostgreSQL is 15.
2026-05-04T03:00:38.063-07:00  INFO 82792 --- [risk-engine] [           main] o.f.core.internal.database.base.Schema   : Creating schema "risk_rules" ...
2026-05-04T03:00:38.065-07:00  INFO 82792 --- [risk-engine] [           main] o.f.core.internal.database.base.Schema   : Creating schema "quotes" ...
2026-05-04T03:00:38.068-07:00  INFO 82792 --- [risk-engine] [           main] o.f.c.i.s.JdbcTableSchemaHistory         : Creating Schema History table "risk_rules"."flyway_schema_history_risk" ...
2026-05-04T03:00:38.112-07:00  INFO 82792 --- [risk-engine] [           main] o.f.core.internal.command.DbMigrate      : Current version of schema "risk_rules": null
2026-05-04T03:00:38.116-07:00  INFO 82792 --- [risk-engine] [           main] o.f.core.internal.command.DbMigrate      : Migrating schema "risk_rules" to version "1 - Create risk rules schema"
2026-05-04T03:00:38.118-07:00  WARN 82792 --- [risk-engine] [           main] o.f.c.i.s.DefaultSqlScriptExecutor       : DB: schema "risk_rules" already exists, skipping (SQL State: 42P06 - Error Code: 0)
2026-05-04T03:00:38.130-07:00  INFO 82792 --- [risk-engine] [           main] o.f.core.internal.command.DbMigrate      : Migrating schema "risk_rules" to version "2 - Create quotes schema"
2026-05-04T03:00:38.131-07:00  WARN 82792 --- [risk-engine] [           main] o.f.c.i.s.DefaultSqlScriptExecutor       : DB: schema "quotes" already exists, skipping (SQL State: 42P06 - Error Code: 0)
2026-05-04T03:00:38.138-07:00  INFO 82792 --- [risk-engine] [           main] o.f.core.internal.command.DbMigrate      : Migrating schema "risk_rules" to version "3 - Seed risk factors"
2026-05-04T03:00:38.145-07:00  INFO 82792 --- [risk-engine] [           main] o.f.core.internal.command.DbMigrate      : Successfully applied 3 migrations to schema "risk_rules", now at version v3 (execution time 00:00.013s)
2026-05-04T03:00:38.181-07:00  INFO 82792 --- [risk-engine] [           main] o.hibernate.jpa.internal.util.LogHelper  : HHH000204: Processing PersistenceUnitInfo [name: default]
2026-05-04T03:00:38.203-07:00  INFO 82792 --- [risk-engine] [           main] org.hibernate.Version                    : HHH000412: Hibernate ORM core version 6.4.4.Final
2026-05-04T03:00:38.214-07:00  INFO 82792 --- [risk-engine] [           main] o.h.c.internal.RegionFactoryInitiator    : HHH000026: Second-level cache disabled
2026-05-04T03:00:38.291-07:00  INFO 82792 --- [risk-engine] [           main] o.s.o.j.p.SpringPersistenceUnitInfo      : No LoadTimeWeaver setup: ignoring JPA class transformer
2026-05-04T03:00:38.312-07:00  WARN 82792 --- [risk-engine] [           main] org.hibernate.orm.deprecation            : HHH90000025: PostgreSQLDialect does not need to be specified explicitly using 'hibernate.dialect' (remove the property setting and it will be selected by default)
2026-05-04T03:00:38.636-07:00  INFO 82792 --- [risk-engine] [           main] o.h.e.t.j.p.i.JtaPlatformInitiator       : HHH000489: No JTA platform available (set 'hibernate.transaction.jta.platform' to enable JTA platform integration)
2026-05-04T03:00:38.665-07:00  INFO 82792 --- [risk-engine] [           main] j.LocalContainerEntityManagerFactoryBean : Initialized JPA EntityManagerFactory for persistence unit 'default'
2026-05-04T03:00:38.966-07:00  INFO 82792 --- [risk-engine] [           main] c.v.risk.service.RiskScoringService      : Loaded 14 active risk factors
2026-05-04T03:00:39.000-07:00  WARN 82792 --- [risk-engine] [           main] JpaBaseConfiguration$JpaWebConfiguration : spring.jpa.open-in-view is enabled by default. Therefore, database queries may be performed during view rendering. Explicitly configure spring.jpa.open-in-view to disable this warning
2026-05-04T03:00:39.223-07:00  INFO 82792 --- [risk-engine] [           main] o.a.c.c.C.[Tomcat].[localhost].[/]       : Initializing Spring TestDispatcherServlet ''
2026-05-04T03:00:39.223-07:00  INFO 82792 --- [risk-engine] [           main] o.s.t.web.servlet.TestDispatcherServlet  : Initializing Servlet ''
2026-05-04T03:00:39.227-07:00  INFO 82792 --- [risk-engine] [           main] o.s.b.a.e.web.EndpointLinksResolver      : Exposing 2 endpoint(s) beneath base path '/actuator'
2026-05-04T03:00:39.236-07:00  INFO 82792 --- [risk-engine] [           main] o.s.t.web.servlet.TestDispatcherServlet  : Completed initialization in 13 ms
2026-05-04T03:00:39.272-07:00  INFO 82792 --- [risk-engine] [           main] o.s.b.w.embedded.tomcat.TomcatWebServer  : Tomcat started on port 65341 (http) with context path ''
2026-05-04T03:00:39.282-07:00  INFO 82792 --- [risk-engine] [           main] c.v.risk.repository.QuoteRepositoryTest  : Started QuoteRepositoryTest in 2.21 seconds (process running for 3.913)
]]></system-out>
    <system-err><![CDATA[WARNING: A Java agent has been loaded dynamically (/Users/kulfi/.m2/repository/net/bytebuddy/byte-buddy-agent/1.14.13/byte-buddy-agent-1.14.13.jar)
WARNING: If a serviceability tool is in use, please run with -XX:+EnableDynamicAgentLoading to hide this warning
WARNING: If a serviceability tool is not in use, please run with -Djdk.instrument.traceUsage for more information
WARNING: Dynamic loading of agents will be disallowed by default in a future release
]]></system-err>
  </testcase>
  <testcase name="findById_nonExistentId_returnsEmpty" classname="com.vehicleguard.risk.repository.QuoteRepositoryTest" time="0.003"/>
  <testcase name="save_validQuote_persistsAndReturnsWithId" classname="com.vehicleguard.risk.repository.QuoteRepositoryTest" time="0.004"/>
</testsuite>