<?xml version="1.0" encoding="UTF-8"?>
<testsuite xmlns:xsi="http://www.w3.org/2001/XMLSchema-instance" xsi:noNamespaceSchemaLocation="https://maven.apache.org/surefire/maven-surefire-plugin/xsd/surefire-test-report-3.0.xsd" version="3.0" name="com.vehicleguard.rates.integration.RatesServiceIntegrationTest" time="4.119" tests="7" errors="0" skipped="0" failures="0">
  <properties>
[...]
</properties>
  <testcase name="getRates_missingCategory_returns400" classname="com.vehicleguard.rates.integration.RatesServiceIntegrationTest" time="0.301">
    <system-out><![CDATA[03:00:48.007 [main] INFO org.springframework.test.context.support.AnnotationConfigContextLoaderUtils -- Could not detect default configuration classes for test class [com.vehicleguard.rates.integration.RatesServiceIntegrationTest]: RatesServiceIntegrationTest does not declare any static, non-private, non-final, nested classes annotated with @Configuration.
03:00:48.044 [main] INFO org.springframework.boot.test.context.SpringBootTestContextBootstrapper -- Found @SpringBootConfiguration com.vehicleguard.rates.RatesServiceApplication for test class com.vehicleguard.rates.integration.RatesServiceIntegrationTest
03:00:48.086 [main] INFO org.testcontainers.images.PullPolicy -- Image pull policy will be performed by: DefaultPullPolicy()
03:00:48.087 [main] INFO org.testcontainers.utility.ImageNameSubstitutor -- Image name substitution will be performed by: DefaultImageNameSubstitutor (composite of 'ConfigurationFileImageNameSubstitutor' and 'PrefixingImageNameSubstitutor')
03:00:48.196 [main] INFO org.testcontainers.dockerclient.DockerClientProviderStrategy -- Loaded org.testcontainers.dockerclient.UnixSocketClientProviderStrategy from ~/.testcontainers.properties, will try it first
03:00:48.299 [main] INFO org.testcontainers.dockerclient.DockerClientProviderStrategy -- Found Docker environment with local Unix socket (unix:///var/run/docker.sock)
03:00:48.299 [main] INFO org.testcontainers.DockerClientFactory -- Docker host IP address is localhost
03:00:48.310 [main] INFO org.testcontainers.DockerClientFactory -- Connected to docker: 
  Server Version: 29.4.1
  API Version: 1.54
  Operating System: Docker Desktop
  Total Memory: 7935 MB
03:00:48.374 [main] INFO tc.testcontainers/ryuk:0.6.0 -- Creating container for image: testcontainers/ryuk:0.6.0
03:00:48.556 [main] INFO tc.testcontainers/ryuk:0.6.0 -- Container testcontainers/ryuk:0.6.0 is starting: 914fa5a4324c0b6e264186c18e906324cd6ca18206593f9187e6b02f6b75eec7
03:00:48.681 [main] INFO tc.testcontainers/ryuk:0.6.0 -- Container testcontainers/ryuk:0.6.0 started in PT0.306855S
03:00:48.684 [main] INFO org.testcontainers.utility.RyukResourceReaper -- Ryuk started - will monitor and terminate Testcontainers containers on JVM exit
03:00:48.684 [main] INFO org.testcontainers.DockerClientFactory -- Checking the system...
03:00:48.684 [main] INFO org.testcontainers.DockerClientFactory -- ✔︎ Docker server version should be at least 1.6.0
03:00:48.684 [main] INFO tc.postgres:16 -- Creating container for image: postgres:16
03:00:48.716 [main] INFO tc.postgres:16 -- Container postgres:16 is starting: 76ec704ed835141ea8bf21ed43994a94be88ceb7f1085c1bb2b8ceff2afe7839
03:00:49.404 [main] INFO tc.postgres:16 -- Container postgres:16 started in PT0.71929S
03:00:49.405 [main] INFO tc.postgres:16 -- Container is started (JDBC URL: jdbc:postgresql://localhost:65353/vehicleguard_test?loggerLevel=OFF)

  .   ____          _            __ _ _
 /\\ / ___'_ __ _ _(_)_ __  __ _ \ \ \ \
( ( )\___ | '_ | '_| | '_ \/ _` | \ \ \ \
 \\/  ___)| |_)| | | | | || (_| |  ) ) ) )
  '  |____| .__|_| |_|_| |_\__, | / / / /
 =========|_|==============|___/=/_/_/_/
 :: Spring Boot ::                (v3.2.5)

2026-05-04T03:00:49.547-07:00  INFO 82837 --- [rates-service] [           main] c.v.r.i.RatesServiceIntegrationTest      : Starting RatesServiceIntegrationTest using Java 21.0.11 with PID 82837 (started by kulfi in /Users/kulfi/Desktop/Insurance-project/vehicleguard-ai/rates-service)
2026-05-04T03:00:49.548-07:00  INFO 82837 --- [rates-service] [           main] c.v.r.i.RatesServiceIntegrationTest      : No active profile set, falling back to 1 default profile: "default"
2026-05-04T03:00:49.840-07:00  INFO 82837 --- [rates-service] [           main] .s.d.r.c.RepositoryConfigurationDelegate : Bootstrapping Spring Data JPA repositories in DEFAULT mode.
2026-05-04T03:00:49.860-07:00  INFO 82837 --- [rates-service] [           main] .s.d.r.c.RepositoryConfigurationDelegate : Finished Spring Data repository scanning in 16 ms. Found 1 JPA repository interface.
2026-05-04T03:00:50.114-07:00  INFO 82837 --- [rates-service] [           main] o.s.b.w.embedded.tomcat.TomcatWebServer  : Tomcat initialized with port 0 (http)
2026-05-04T03:00:50.120-07:00  INFO 82837 --- [rates-service] [           main] o.apache.catalina.core.StandardService   : Starting service [Tomcat]
2026-05-04T03:00:50.120-07:00  INFO 82837 --- [rates-service] [           main] o.apache.catalina.core.StandardEngine    : Starting Servlet engine: [Apache Tomcat/10.1.20]
2026-05-04T03:00:50.140-07:00  INFO 82837 --- [rates-service] [           main] o.a.c.c.C.[Tomcat].[localhost].[/]       : Initializing Spring embedded WebApplicationContext
2026-05-04T03:00:50.140-07:00  INFO 82837 --- [rates-service] [           main] w.s.c.ServletWebServerApplicationContext : Root WebApplicationContext: initialization completed in 587 ms
2026-05-04T03:00:50.243-07:00  INFO 82837 --- [rates-service] [           main] com.zaxxer.hikari.HikariDataSource       : HikariPool-1 - Starting...
2026-05-04T03:00:50.320-07:00  INFO 82837 --- [rates-service] [           main] com.zaxxer.hikari.pool.HikariPool        : HikariPool-1 - Added connection org.postgresql.jdbc.PgConnection@782dc5
2026-05-04T03:00:50.321-07:00  INFO 82837 --- [rates-service] [           main] com.zaxxer.hikari.HikariDataSource       : HikariPool-1 - Start completed.
2026-05-04T03:00:50.349-07:00  INFO 82837 --- [rates-service] [           main] o.f.c.internal.license.VersionPrinter    : Flyway Community Edition 9.22.3 by Redgate
2026-05-04T03:00:50.349-07:00  INFO 82837 --- [rates-service] [           main] o.f.c.internal.license.VersionPrinter    : See release notes here: https://rd.gt/416ObMi
2026-05-04T03:00:50.349-07:00  INFO 82837 --- [rates-service] [           main] o.f.c.internal.license.VersionPrinter    : 
2026-05-04T03:00:50.356-07:00  INFO 82837 --- [rates-service] [           main] org.flywaydb.core.FlywayExecutor         : Database: jdbc:postgresql://localhost:65353/vehicleguard_test (PostgreSQL 16.13)
2026-05-04T03:00:50.360-07:00  WARN 82837 --- [rates-service] [           main] o.f.c.internal.database.base.Database    : Flyway upgrade recommended: PostgreSQL 16.13 is newer than this version of Flyway and support has not been tested. The latest supported version of PostgreSQL is 15.
2026-05-04T03:00:50.369-07:00  INFO 82837 --- [rates-service] [           main] o.f.core.internal.database.base.Schema   : Creating schema "risk_rules" ...
2026-05-04T03:00:50.375-07:00  INFO 82837 --- [rates-service] [           main] o.f.c.i.s.JdbcTableSchemaHistory         : Creating Schema History table "risk_rules"."flyway_schema_history_rates" ...
2026-05-04T03:00:50.424-07:00  INFO 82837 --- [rates-service] [           main] o.f.core.internal.command.DbMigrate      : Current version of schema "risk_rules": null
2026-05-04T03:00:50.428-07:00  INFO 82837 --- [rates-service] [           main] o.f.core.internal.command.DbMigrate      : Migrating schema "risk_rules" to version "1 - Create vehicle base rates table"
2026-05-04T03:00:50.430-07:00  WARN 82837 --- [rates-service] [           main] o.f.c.i.s.DefaultSqlScriptExecutor       : DB: schema "risk_rules" already exists, skipping (SQL State: 42P06 - Error Code: 0)
2026-05-04T03:00:50.441-07:00  INFO 82837 --- [rates-service] [           main] o.f.core.internal.command.DbMigrate      : Migrating schema "risk_rules" to version "2 - Seed vehicle base rates"
2026-05-04T03:00:50.447-07:00  INFO 82837 --- [rates-service] [           main] o.f.core.internal.command.DbMigrate      : Successfully applied 2 migrations to schema "risk_rules", now at version v2 (execution time 00:00.008s)
2026-05-04T03:00:50.483-07:00  INFO 82837 --- [rates-service] [           main] o.hibernate.jpa.internal.util.LogHelper  : HHH000204: Processing PersistenceUnitInfo [name: default]
2026-05-04T03:00:50.504-07:00  INFO 82837 --- [rates-service] [           main] org.hibernate.Version                    : HHH000412: Hibernate ORM core version 6.4.4.Final
2026-05-04T03:00:50.516-07:00  INFO 82837 --- [rates-service] [           main] o.h.c.internal.RegionFactoryInitiator    : HHH000026: Second-level cache disabled
2026-05-04T03:00:50.597-07:00  INFO 82837 --- [rates-service] [           main] o.s.o.j.p.SpringPersistenceUnitInfo      : No LoadTimeWeaver setup: ignoring JPA class transformer
2026-05-04T03:00:50.618-07:00  WARN 82837 --- [rates-service] [           main] org.hibernate.orm.deprecation            : HHH90000025: PostgreSQLDialect does not need to be specified explicitly using 'hibernate.dialect' (remove the property setting and it will be selected by default)
2026-05-04T03:00:50.914-07:00  INFO 82837 --- [rates-service] [           main] o.h.e.t.j.p.i.JtaPlatformInitiator       : HHH000489: No JTA platform available (set 'hibernate.transaction.jta.platform' to enable JTA platform integration)
2026-05-04T03:00:50.940-07:00  INFO 82837 --- [rates-service] [           main] j.LocalContainerEntityManagerFactoryBean : Initialized JPA EntityManagerFactory for persistence unit 'default'
2026-05-04T03:00:51.091-07:00  WARN 82837 --- [rates-service] [           main] JpaBaseConfiguration$JpaWebConfiguration : spring.jpa.open-in-view is enabled by default. Therefore, database queries may be performed during view rendering. Explicitly configure spring.jpa.open-in-view to disable this warning
2026-05-04T03:00:51.319-07:00  INFO 82837 --- [rates-service] [           main] o.a.c.c.C.[Tomcat].[localhost].[/]       : Initializing Spring TestDispatcherServlet ''
2026-05-04T03:00:51.319-07:00  INFO 82837 --- [rates-service] [           main] o.s.t.web.servlet.TestDispatcherServlet  : Initializing Servlet ''
2026-05-04T03:00:51.323-07:00  INFO 82837 --- [rates-service] [           main] o.s.b.a.e.web.EndpointLinksResolver      : Exposing 2 endpoint(s) beneath base path '/actuator'
2026-05-04T03:00:51.330-07:00  INFO 82837 --- [rates-service] [           main] o.s.t.web.servlet.TestDispatcherServlet  : Completed initialization in 11 ms
2026-05-04T03:00:51.359-07:00  INFO 82837 --- [rates-service] [           main] o.s.b.w.embedded.tomcat.TomcatWebServer  : Tomcat started on port 65357 (http) with context path ''
2026-05-04T03:00:51.370-07:00  INFO 82837 --- [rates-service] [           main] c.v.r.i.RatesServiceIntegrationTest      : Started RatesServiceIntegrationTest in 1.936 seconds (process running for 3.649)
2026-05-04T03:00:51.688-07:00  WARN 82837 --- [rates-service] [           main] c.v.r.exception.GlobalExceptionHandler   : Missing parameter: Required request parameter 'vehicleCategory' for method parameter type String is not present
]]></system-out>
    <system-err><![CDATA[WARNING: A Java agent has been loaded dynamically (/Users/kulfi/.m2/repository/net/bytebuddy/byte-buddy-agent/1.14.13/byte-buddy-agent-1.14.13.jar)
WARNING: If a serviceability tool is in use, please run with -XX:+EnableDynamicAgentLoading to hide this warning
WARNING: If a serviceability tool is not in use, please run with -Djdk.instrument.traceUsage for more information
WARNING: Dynamic loading of agents will be disallowed by default in a future release
]]></system-err>
  </testcase>
  <testcase name="actuatorHealth_returns200" classname="com.vehicleguard.rates.integration.RatesServiceIntegrationTest" time="0.02"/>
  <testcase name="getRates_unknownCategory_returns404" classname="com.vehicleguard.rates.integration.RatesServiceIntegrationTest" time="0.063">
    <system-out><![CDATA[2026-05-04T03:00:51.727-07:00  INFO 82837 --- [rates-service] [           main] c.v.rates.controller.RatesController     : GET /rates vehicleCategory=hovercraft state=null
2026-05-04T03:00:51.733-07:00  INFO 82837 --- [rates-service] [           main] c.v.rates.service.RatesService           : Fetching rates for category=hovercraft, state=null
2026-05-04T03:00:51.777-07:00  WARN 82837 --- [rates-service] [           main] c.v.r.exception.GlobalExceptionHandler   : Rates not found: No base rate found for vehicle category: hovercraft
]]></system-out>
  </testcase>
  <testcase name="getRates_suv_returns1300" classname="com.vehicleguard.rates.integration.RatesServiceIntegrationTest" time="0.01">
    <system-out><![CDATA[2026-05-04T03:00:51.790-07:00  INFO 82837 --- [rates-service] [           main] c.v.rates.controller.RatesController     : GET /rates vehicleCategory=suv state=null
2026-05-04T03:00:51.790-07:00  INFO 82837 --- [rates-service] [           main] c.v.rates.service.RatesService           : Fetching rates for category=suv, state=null
]]></system-out>
  </testcase>
  <testcase name="getRates_sedan_returns1100" classname="com.vehicleguard.rates.integration.RatesServiceIntegrationTest" time="0.005">
    <system-out><![CDATA[2026-05-04T03:00:51.801-07:00  INFO 82837 --- [rates-service] [           main] c.v.rates.controller.RatesController     : GET /rates vehicleCategory=sedan state=WA
2026-05-04T03:00:51.801-07:00  INFO 82837 --- [rates-service] [           main] c.v.rates.service.RatesService           : Fetching rates for category=sedan, state=WA
]]></system-out>
  </testcase>
  <testcase name="getRates_sports_returns1800" classname="com.vehicleguard.rates.integration.RatesServiceIntegrationTest" time="0.006">
    <system-out><![CDATA[2026-05-04T03:00:51.807-07:00  INFO 82837 --- [rates-service] [           main] c.v.rates.controller.RatesController     : GET /rates vehicleCategory=sports state=CA
2026-05-04T03:00:51.807-07:00  INFO 82837 --- [rates-service] [           main] c.v.rates.service.RatesService           : Fetching rates for category=sports, state=CA
]]></system-out>
  </testcase>
  <testcase name="getRates_luxury_returns2200" classname="com.vehicleguard.rates.integration.RatesServiceIntegrationTest" time="0.007">
    <system-out><![CDATA[2026-05-04T03:00:51.814-07:00  INFO 82837 --- [rates-service] [           main] c.v.rates.controller.RatesController     : GET /rates vehicleCategory=luxury state=null
2026-05-04T03:00:51.815-07:00  INFO 82837 --- [rates-service] [           main] c.v.rates.service.RatesService           : Fetching rates for category=luxury, state=null
]]></system-out>
  </testcase>
</testsuite>